CRITICAL - 2025-12-08 14:32:36 --> ParseError: syntax error, unexpected end of file
[Method: GET, Route: koleksi]
in APPPATH\Config\Routes.php on line 17.
 1 SYSTEMPATH\CodeIgniter.php(821): CodeIgniter\Router\RouteCollection->loadRoutes()
 2 SYSTEMPATH\CodeIgniter.php(455): CodeIgniter\CodeIgniter->tryToRouteIt(null)
 3 SYSTEMPATH\CodeIgniter.php(354): CodeIgniter\CodeIgniter->handleRequest(null, Object(Config\Cache), false)
 4 SYSTEMPATH\Boot.php(363): CodeIgniter\CodeIgniter->run()
 5 SYSTEMPATH\Boot.php(68): CodeIgniter\Boot::runCodeIgniter(Object(CodeIgniter\CodeIgniter))
 6 FCPATH\index.php(59): CodeIgniter\Boot::bootWeb(Object(Config\Paths))
 7 SYSTEMPATH\rewrite.php(44): require_once('C:\\xamppnew\\htdocs\\coba\\public\\index.php')
CRITICAL - 2025-12-08 18:23:37 --> ErrorException: Undefined variable $kategori
[Method: GET, Route: lighting]
in APPPATH\Views\kategori\kat_lighting.php on line 25.
 1 APPPATH\Views\kategori\kat_lighting.php(25): CodeIgniter\Debug\Exceptions->errorHandler(2, 'Undefined variable $kategori', 'C:\\xamppnew\\htdocs\\coba\\app\\Views\\kategori\\kat_lighting.php', 25)
 2 SYSTEMPATH\View\View.php(226): include('C:\\xamppnew\\htdocs\\coba\\app\\Views\\kategori\\kat_lighting.php')
 3 SYSTEMPATH\View\View.php(229): CodeIgniter\View\View->CodeIgniter\View\{closure}()
 4 SYSTEMPATH\Common.php(1167): CodeIgniter\View\View->render('kategori/kat_lighting', [], true)
 5 APPPATH\Controllers\LightingController.php(20): view('kategori/kat_lighting', [...])
 6 SYSTEMPATH\CodeIgniter.php(933): App\Controllers\LightingController->index()
 7 SYSTEMPATH\CodeIgniter.php(507): CodeIgniter\CodeIgniter->runController(Object(App\Controllers\LightingController))
 8 SYSTEMPATH\CodeIgniter.php(354): CodeIgniter\CodeIgniter->handleRequest(null, Object(Config\Cache), false)
 9 SYSTEMPATH\Boot.php(363): CodeIgniter\CodeIgniter->run()
10 SYSTEMPATH\Boot.php(68): CodeIgniter\Boot::runCodeIgniter(Object(CodeIgniter\CodeIgniter))
11 FCPATH\index.php(59): CodeIgniter\Boot::bootWeb(Object(Config\Paths))
12 SYSTEMPATH\rewrite.php(44): require_once('C:\\xamppnew\\htdocs\\coba\\public\\index.php')
CRITICAL - 2025-12-08 18:24:34 --> ErrorException: Undefined variable $kategori
[Method: GET, Route: lighting]
in APPPATH\Views\kategori\kat_lighting.php on line 25.
 1 APPPATH\Views\kategori\kat_lighting.php(25): CodeIgniter\Debug\Exceptions->errorHandler(2, 'Undefined variable $kategori', 'C:\\xamppnew\\htdocs\\coba\\app\\Views\\kategori\\kat_lighting.php', 25)
 2 SYSTEMPATH\View\View.php(226): include('C:\\xamppnew\\htdocs\\coba\\app\\Views\\kategori\\kat_lighting.php')
 3 SYSTEMPATH\View\View.php(229): CodeIgniter\View\View->CodeIgniter\View\{closure}()
 4 SYSTEMPATH\Common.php(1167): CodeIgniter\View\View->render('kategori/kat_lighting', [], true)
 5 APPPATH\Controllers\LightingController.php(20): view('kategori/kat_lighting', [...])
 6 SYSTEMPATH\CodeIgniter.php(933): App\Controllers\LightingController->index()
 7 SYSTEMPATH\CodeIgniter.php(507): CodeIgniter\CodeIgniter->runController(Object(App\Controllers\LightingController))
 8 SYSTEMPATH\CodeIgniter.php(354): CodeIgniter\CodeIgniter->handleRequest(null, Object(Config\Cache), false)
 9 SYSTEMPATH\Boot.php(363): CodeIgniter\CodeIgniter->run()
10 SYSTEMPATH\Boot.php(68): CodeIgniter\Boot::runCodeIgniter(Object(CodeIgniter\CodeIgniter))
11 FCPATH\index.php(59): CodeIgniter\Boot::bootWeb(Object(Config\Paths))
12 SYSTEMPATH\rewrite.php(44): require_once('C:\\xamppnew\\htdocs\\coba\\public\\index.php')
CRITICAL - 2025-12-08 18:26:57 --> ErrorException: Undefined variable $kategori
[Method: GET, Route: lighting]
in APPPATH\Views\kategori\kat_lighting.php on line 25.
 1 APPPATH\Views\kategori\kat_lighting.php(25): CodeIgniter\Debug\Exceptions->errorHandler(2, 'Undefined variable $kategori', 'C:\\xamppnew\\htdocs\\coba\\app\\Views\\kategori\\kat_lighting.php', 25)
 2 SYSTEMPATH\View\View.php(226): include('C:\\xamppnew\\htdocs\\coba\\app\\Views\\kategori\\kat_lighting.php')
 3 SYSTEMPATH\View\View.php(229): CodeIgniter\View\View->CodeIgniter\View\{closure}()
 4 SYSTEMPATH\Common.php(1167): CodeIgniter\View\View->render('kategori/kat_lighting', [], true)
 5 APPPATH\Controllers\LightingController.php(20): view('kategori/kat_lighting', [...])
 6 SYSTEMPATH\CodeIgniter.php(933): App\Controllers\LightingController->index()
 7 SYSTEMPATH\CodeIgniter.php(507): CodeIgniter\CodeIgniter->runController(Object(App\Controllers\LightingController))
 8 SYSTEMPATH\CodeIgniter.php(354): CodeIgniter\CodeIgniter->handleRequest(null, Object(Config\Cache), false)
 9 SYSTEMPATH\Boot.php(363): CodeIgniter\CodeIgniter->run()
10 SYSTEMPATH\Boot.php(68): CodeIgniter\Boot::runCodeIgniter(Object(CodeIgniter\CodeIgniter))
11 FCPATH\index.php(59): CodeIgniter\Boot::bootWeb(Object(Config\Paths))
12 SYSTEMPATH\rewrite.php(44): require_once('C:\\xamppnew\\htdocs\\coba\\public\\index.php')
CRITICAL - 2025-12-08 18:28:41 --> ErrorException: Undefined variable $kategori
[Method: GET, Route: lighting]
in APPPATH\Views\kategori\kat_lighting.php on line 25.
 1 APPPATH\Views\kategori\kat_lighting.php(25): CodeIgniter\Debug\Exceptions->errorHandler(2, 'Undefined variable $kategori', 'C:\\xamppnew\\htdocs\\coba\\app\\Views\\kategori\\kat_lighting.php', 25)
 2 SYSTEMPATH\View\View.php(226): include('C:\\xamppnew\\htdocs\\coba\\app\\Views\\kategori\\kat_lighting.php')
 3 SYSTEMPATH\View\View.php(229): CodeIgniter\View\View->CodeIgniter\View\{closure}()
 4 SYSTEMPATH\Common.php(1167): CodeIgniter\View\View->render('kategori/kat_lighting', [], true)
 5 APPPATH\Controllers\LightingController.php(20): view('kategori/kat_lighting', [...])
 6 SYSTEMPATH\CodeIgniter.php(933): App\Controllers\LightingController->index()
 7 SYSTEMPATH\CodeIgniter.php(507): CodeIgniter\CodeIgniter->runController(Object(App\Controllers\LightingController))
 8 SYSTEMPATH\CodeIgniter.php(354): CodeIgniter\CodeIgniter->handleRequest(null, Object(Config\Cache), false)
 9 SYSTEMPATH\Boot.php(363): CodeIgniter\CodeIgniter->run()
10 SYSTEMPATH\Boot.php(68): CodeIgniter\Boot::runCodeIgniter(Object(CodeIgniter\CodeIgniter))
11 FCPATH\index.php(59): CodeIgniter\Boot::bootWeb(Object(Config\Paths))
12 SYSTEMPATH\rewrite.php(44): require_once('C:\\xamppnew\\htdocs\\coba\\public\\index.php')
CRITICAL - 2025-12-08 18:31:47 --> ErrorException: Undefined variable $slug
[Method: GET, Route: lighting]
in APPPATH\Views\kategori\kat_lighting.php on line 26.
 1 APPPATH\Views\kategori\kat_lighting.php(26): CodeIgniter\Debug\Exceptions->errorHandler(2, 'Undefined variable $slug', 'C:\\xamppnew\\htdocs\\coba\\app\\Views\\kategori\\kat_lighting.php', 26)
 2 SYSTEMPATH\View\View.php(226): include('C:\\xamppnew\\htdocs\\coba\\app\\Views\\kategori\\kat_lighting.php')
 3 SYSTEMPATH\View\View.php(229): CodeIgniter\View\View->CodeIgniter\View\{closure}()
 4 SYSTEMPATH\Common.php(1167): CodeIgniter\View\View->render('kategori/kat_lighting', [], true)
 5 APPPATH\Controllers\LightingController.php(20): view('kategori/kat_lighting', [...])
 6 SYSTEMPATH\CodeIgniter.php(933): App\Controllers\LightingController->index()
 7 SYSTEMPATH\CodeIgniter.php(507): CodeIgniter\CodeIgniter->runController(Object(App\Controllers\LightingController))
 8 SYSTEMPATH\CodeIgniter.php(354): CodeIgniter\CodeIgniter->handleRequest(null, Object(Config\Cache), false)
 9 SYSTEMPATH\Boot.php(363): CodeIgniter\CodeIgniter->run()
10 SYSTEMPATH\Boot.php(68): CodeIgniter\Boot::runCodeIgniter(Object(CodeIgniter\CodeIgniter))
11 FCPATH\index.php(59): CodeIgniter\Boot::bootWeb(Object(Config\Paths))
12 SYSTEMPATH\rewrite.php(44): require_once('C:\\xamppnew\\htdocs\\coba\\public\\index.php')
CRITICAL - 2025-12-08 18:34:58 --> ErrorException: Undefined variable $slug
[Method: GET, Route: lighting]
in APPPATH\Views\kategori\kat_lighting.php on line 26.
 1 APPPATH\Views\kategori\kat_lighting.php(26): CodeIgniter\Debug\Exceptions->errorHandler(2, 'Undefined variable $slug', 'C:\\xamppnew\\htdocs\\coba\\app\\Views\\kategori\\kat_lighting.php', 26)
 2 SYSTEMPATH\View\View.php(226): include('C:\\xamppnew\\htdocs\\coba\\app\\Views\\kategori\\kat_lighting.php')
 3 SYSTEMPATH\View\View.php(229): CodeIgniter\View\View->CodeIgniter\View\{closure}()
 4 SYSTEMPATH\Common.php(1167): CodeIgniter\View\View->render('kategori/kat_lighting', [], true)
 5 APPPATH\Controllers\LightingController.php(20): view('kategori/kat_lighting', [...])
 6 SYSTEMPATH\CodeIgniter.php(933): App\Controllers\LightingController->index()
 7 SYSTEMPATH\CodeIgniter.php(507): CodeIgniter\CodeIgniter->runController(Object(App\Controllers\LightingController))
 8 SYSTEMPATH\CodeIgniter.php(354): CodeIgniter\CodeIgniter->handleRequest(null, Object(Config\Cache), false)
 9 SYSTEMPATH\Boot.php(363): CodeIgniter\CodeIgniter->run()
10 SYSTEMPATH\Boot.php(68): CodeIgniter\Boot::runCodeIgniter(Object(CodeIgniter\CodeIgniter))
11 FCPATH\index.php(59): CodeIgniter\Boot::bootWeb(Object(Config\Paths))
12 SYSTEMPATH\rewrite.php(44): require_once('C:\\xamppnew\\htdocs\\coba\\public\\index.php')
CRITICAL - 2025-12-08 18:35:43 --> ErrorException: Undefined variable $slug
[Method: GET, Route: lighting]
in APPPATH\Views\kategori\kat_lighting.php on line 26.
 1 APPPATH\Views\kategori\kat_lighting.php(26): CodeIgniter\Debug\Exceptions->errorHandler(2, 'Undefined variable $slug', 'C:\\xamppnew\\htdocs\\coba\\app\\Views\\kategori\\kat_lighting.php', 26)
 2 SYSTEMPATH\View\View.php(226): include('C:\\xamppnew\\htdocs\\coba\\app\\Views\\kategori\\kat_lighting.php')
 3 SYSTEMPATH\View\View.php(229): CodeIgniter\View\View->CodeIgniter\View\{closure}()
 4 SYSTEMPATH\Common.php(1167): CodeIgniter\View\View->render('kategori/kat_lighting', [], true)
 5 APPPATH\Controllers\LightingController.php(20): view('kategori/kat_lighting', [...])
 6 SYSTEMPATH\CodeIgniter.php(933): App\Controllers\LightingController->index()
 7 SYSTEMPATH\CodeIgniter.php(507): CodeIgniter\CodeIgniter->runController(Object(App\Controllers\LightingController))
 8 SYSTEMPATH\CodeIgniter.php(354): CodeIgniter\CodeIgniter->handleRequest(null, Object(Config\Cache), false)
 9 SYSTEMPATH\Boot.php(363): CodeIgniter\CodeIgniter->run()
10 SYSTEMPATH\Boot.php(68): CodeIgniter\Boot::runCodeIgniter(Object(CodeIgniter\CodeIgniter))
11 FCPATH\index.php(59): CodeIgniter\Boot::bootWeb(Object(Config\Paths))
12 SYSTEMPATH\rewrite.php(44): require_once('C:\\xamppnew\\htdocs\\coba\\public\\index.php')
CRITICAL - 2025-12-08 18:35:44 --> ErrorException: Undefined variable $slug
[Method: GET, Route: lighting]
in APPPATH\Views\kategori\kat_lighting.php on line 26.
 1 APPPATH\Views\kategori\kat_lighting.php(26): CodeIgniter\Debug\Exceptions->errorHandler(2, 'Undefined variable $slug', 'C:\\xamppnew\\htdocs\\coba\\app\\Views\\kategori\\kat_lighting.php', 26)
 2 SYSTEMPATH\View\View.php(226): include('C:\\xamppnew\\htdocs\\coba\\app\\Views\\kategori\\kat_lighting.php')
 3 SYSTEMPATH\View\View.php(229): CodeIgniter\View\View->CodeIgniter\View\{closure}()
 4 SYSTEMPATH\Common.php(1167): CodeIgniter\View\View->render('kategori/kat_lighting', [], true)
 5 APPPATH\Controllers\LightingController.php(20): view('kategori/kat_lighting', [...])
 6 SYSTEMPATH\CodeIgniter.php(933): App\Controllers\LightingController->index()
 7 SYSTEMPATH\CodeIgniter.php(507): CodeIgniter\CodeIgniter->runController(Object(App\Controllers\LightingController))
 8 SYSTEMPATH\CodeIgniter.php(354): CodeIgniter\CodeIgniter->handleRequest(null, Object(Config\Cache), false)
 9 SYSTEMPATH\Boot.php(363): CodeIgniter\CodeIgniter->run()
10 SYSTEMPATH\Boot.php(68): CodeIgniter\Boot::runCodeIgniter(Object(CodeIgniter\CodeIgniter))
11 FCPATH\index.php(59): CodeIgniter\Boot::bootWeb(Object(Config\Paths))
12 SYSTEMPATH\rewrite.php(44): require_once('C:\\xamppnew\\htdocs\\coba\\public\\index.php')
CRITICAL - 2025-12-08 18:35:44 --> ErrorException: Undefined variable $slug
[Method: GET, Route: lighting]
in APPPATH\Views\kategori\kat_lighting.php on line 26.
 1 APPPATH\Views\kategori\kat_lighting.php(26): CodeIgniter\Debug\Exceptions->errorHandler(2, 'Undefined variable $slug', 'C:\\xamppnew\\htdocs\\coba\\app\\Views\\kategori\\kat_lighting.php', 26)
 2 SYSTEMPATH\View\View.php(226): include('C:\\xamppnew\\htdocs\\coba\\app\\Views\\kategori\\kat_lighting.php')
 3 SYSTEMPATH\View\View.php(229): CodeIgniter\View\View->CodeIgniter\View\{closure}()
 4 SYSTEMPATH\Common.php(1167): CodeIgniter\View\View->render('kategori/kat_lighting', [], true)
 5 APPPATH\Controllers\LightingController.php(20): view('kategori/kat_lighting', [...])
 6 SYSTEMPATH\CodeIgniter.php(933): App\Controllers\LightingController->index()
 7 SYSTEMPATH\CodeIgniter.php(507): CodeIgniter\CodeIgniter->runController(Object(App\Controllers\LightingController))
 8 SYSTEMPATH\CodeIgniter.php(354): CodeIgniter\CodeIgniter->handleRequest(null, Object(Config\Cache), false)
 9 SYSTEMPATH\Boot.php(363): CodeIgniter\CodeIgniter->run()
10 SYSTEMPATH\Boot.php(68): CodeIgniter\Boot::runCodeIgniter(Object(CodeIgniter\CodeIgniter))
11 FCPATH\index.php(59): CodeIgniter\Boot::bootWeb(Object(Config\Paths))
12 SYSTEMPATH\rewrite.php(44): require_once('C:\\xamppnew\\htdocs\\coba\\public\\index.php')
CRITICAL - 2025-12-08 18:35:45 --> ErrorException: Undefined variable $slug
[Method: GET, Route: lighting]
in APPPATH\Views\kategori\kat_lighting.php on line 26.
 1 APPPATH\Views\kategori\kat_lighting.php(26): CodeIgniter\Debug\Exceptions->errorHandler(2, 'Undefined variable $slug', 'C:\\xamppnew\\htdocs\\coba\\app\\Views\\kategori\\kat_lighting.php', 26)
 2 SYSTEMPATH\View\View.php(226): include('C:\\xamppnew\\htdocs\\coba\\app\\Views\\kategori\\kat_lighting.php')
 3 SYSTEMPATH\View\View.php(229): CodeIgniter\View\View->CodeIgniter\View\{closure}()
 4 SYSTEMPATH\Common.php(1167): CodeIgniter\View\View->render('kategori/kat_lighting', [], true)
 5 APPPATH\Controllers\LightingController.php(20): view('kategori/kat_lighting', [...])
 6 SYSTEMPATH\CodeIgniter.php(933): App\Controllers\LightingController->index()
 7 SYSTEMPATH\CodeIgniter.php(507): CodeIgniter\CodeIgniter->runController(Object(App\Controllers\LightingController))
 8 SYSTEMPATH\CodeIgniter.php(354): CodeIgniter\CodeIgniter->handleRequest(null, Object(Config\Cache), false)
 9 SYSTEMPATH\Boot.php(363): CodeIgniter\CodeIgniter->run()
10 SYSTEMPATH\Boot.php(68): CodeIgniter\Boot::runCodeIgniter(Object(CodeIgniter\CodeIgniter))
11 FCPATH\index.php(59): CodeIgniter\Boot::bootWeb(Object(Config\Paths))
12 SYSTEMPATH\rewrite.php(44): require_once('C:\\xamppnew\\htdocs\\coba\\public\\index.php')
CRITICAL - 2025-12-08 18:37:35 --> ErrorException: Undefined variable $slug
[Method: GET, Route: lighting]
in APPPATH\Views\kategori\kat_lighting.php on line 1.
 1 APPPATH\Views\kategori\kat_lighting.php(1): CodeIgniter\Debug\Exceptions->errorHandler(2, 'Undefined variable $slug', 'C:\\xamppnew\\htdocs\\coba\\app\\Views\\kategori\\kat_lighting.php', 1)
 2 SYSTEMPATH\View\View.php(226): include('C:\\xamppnew\\htdocs\\coba\\app\\Views\\kategori\\kat_lighting.php')
 3 SYSTEMPATH\View\View.php(229): CodeIgniter\View\View->CodeIgniter\View\{closure}()
 4 SYSTEMPATH\Common.php(1167): CodeIgniter\View\View->render('kategori/kat_lighting', [], true)
 5 APPPATH\Controllers\LightingController.php(20): view('kategori/kat_lighting', [...])
 6 SYSTEMPATH\CodeIgniter.php(933): App\Controllers\LightingController->index()
 7 SYSTEMPATH\CodeIgniter.php(507): CodeIgniter\CodeIgniter->runController(Object(App\Controllers\LightingController))
 8 SYSTEMPATH\CodeIgniter.php(354): CodeIgniter\CodeIgniter->handleRequest(null, Object(Config\Cache), false)
 9 SYSTEMPATH\Boot.php(363): CodeIgniter\CodeIgniter->run()
10 SYSTEMPATH\Boot.php(68): CodeIgniter\Boot::runCodeIgniter(Object(CodeIgniter\CodeIgniter))
11 FCPATH\index.php(59): CodeIgniter\Boot::bootWeb(Object(Config\Paths))
12 SYSTEMPATH\rewrite.php(44): require_once('C:\\xamppnew\\htdocs\\coba\\public\\index.php')
CRITICAL - 2025-12-08 18:38:48 --> ErrorException: Undefined variable $slug
[Method: GET, Route: lighting]
in APPPATH\Views\kategori\kat_lighting.php on line 26.
 1 APPPATH\Views\kategori\kat_lighting.php(26): CodeIgniter\Debug\Exceptions->errorHandler(2, 'Undefined variable $slug', 'C:\\xamppnew\\htdocs\\coba\\app\\Views\\kategori\\kat_lighting.php', 26)
 2 SYSTEMPATH\View\View.php(226): include('C:\\xamppnew\\htdocs\\coba\\app\\Views\\kategori\\kat_lighting.php')
 3 SYSTEMPATH\View\View.php(229): CodeIgniter\View\View->CodeIgniter\View\{closure}()
 4 SYSTEMPATH\Common.php(1167): CodeIgniter\View\View->render('kategori/kat_lighting', [], true)
 5 APPPATH\Controllers\LightingController.php(20): view('kategori/kat_lighting', [...])
 6 SYSTEMPATH\CodeIgniter.php(933): App\Controllers\LightingController->index()
 7 SYSTEMPATH\CodeIgniter.php(507): CodeIgniter\CodeIgniter->runController(Object(App\Controllers\LightingController))
 8 SYSTEMPATH\CodeIgniter.php(354): CodeIgniter\CodeIgniter->handleRequest(null, Object(Config\Cache), false)
 9 SYSTEMPATH\Boot.php(363): CodeIgniter\CodeIgniter->run()
10 SYSTEMPATH\Boot.php(68): CodeIgniter\Boot::runCodeIgniter(Object(CodeIgniter\CodeIgniter))
11 FCPATH\index.php(59): CodeIgniter\Boot::bootWeb(Object(Config\Paths))
12 SYSTEMPATH\rewrite.php(44): require_once('C:\\xamppnew\\htdocs\\coba\\public\\index.php')
CRITICAL - 2025-12-08 18:39:46 --> ErrorException: Undefined variable $slug
[Method: GET, Route: lighting]
in APPPATH\Views\kategori\kat_lighting.php on line 26.
 1 APPPATH\Views\kategori\kat_lighting.php(26): CodeIgniter\Debug\Exceptions->errorHandler(2, 'Undefined variable $slug', 'C:\\xamppnew\\htdocs\\coba\\app\\Views\\kategori\\kat_lighting.php', 26)
 2 SYSTEMPATH\View\View.php(226): include('C:\\xamppnew\\htdocs\\coba\\app\\Views\\kategori\\kat_lighting.php')
 3 SYSTEMPATH\View\View.php(229): CodeIgniter\View\View->CodeIgniter\View\{closure}()
 4 SYSTEMPATH\Common.php(1167): CodeIgniter\View\View->render('kategori/kat_lighting', [], true)
 5 APPPATH\Controllers\LightingController.php(20): view('kategori/kat_lighting', [...])
 6 SYSTEMPATH\CodeIgniter.php(933): App\Controllers\LightingController->index()
 7 SYSTEMPATH\CodeIgniter.php(507): CodeIgniter\CodeIgniter->runController(Object(App\Controllers\LightingController))
 8 SYSTEMPATH\CodeIgniter.php(354): CodeIgniter\CodeIgniter->handleRequest(null, Object(Config\Cache), false)
 9 SYSTEMPATH\Boot.php(363): CodeIgniter\CodeIgniter->run()
10 SYSTEMPATH\Boot.php(68): CodeIgniter\Boot::runCodeIgniter(Object(CodeIgniter\CodeIgniter))
11 FCPATH\index.php(59): CodeIgniter\Boot::bootWeb(Object(Config\Paths))
12 SYSTEMPATH\rewrite.php(44): require_once('C:\\xamppnew\\htdocs\\coba\\public\\index.php')
CRITICAL - 2025-12-08 18:40:37 --> ErrorException: Undefined variable $slug
[Method: GET, Route: kat_lighting]
in APPPATH\Views\kategori\kat_lighting.php on line 26.
 1 APPPATH\Views\kategori\kat_lighting.php(26): CodeIgniter\Debug\Exceptions->errorHandler(2, 'Undefined variable $slug', 'C:\\xamppnew\\htdocs\\coba\\app\\Views\\kategori\\kat_lighting.php', 26)
 2 SYSTEMPATH\View\View.php(226): include('C:\\xamppnew\\htdocs\\coba\\app\\Views\\kategori\\kat_lighting.php')
 3 SYSTEMPATH\View\View.php(229): CodeIgniter\View\View->CodeIgniter\View\{closure}()
 4 SYSTEMPATH\Common.php(1167): CodeIgniter\View\View->render('kategori/kat_lighting', [], true)
 5 APPPATH\Controllers\Kategori.php(14): view('kategori/kat_lighting')
 6 SYSTEMPATH\CodeIgniter.php(933): App\Controllers\Kategori->lighting()
 7 SYSTEMPATH\CodeIgniter.php(507): CodeIgniter\CodeIgniter->runController(Object(App\Controllers\Kategori))
 8 SYSTEMPATH\CodeIgniter.php(354): CodeIgniter\CodeIgniter->handleRequest(null, Object(Config\Cache), false)
 9 SYSTEMPATH\Boot.php(363): CodeIgniter\CodeIgniter->run()
10 SYSTEMPATH\Boot.php(68): CodeIgniter\Boot::runCodeIgniter(Object(CodeIgniter\CodeIgniter))
11 FCPATH\index.php(59): CodeIgniter\Boot::bootWeb(Object(Config\Paths))
12 SYSTEMPATH\rewrite.php(44): require_once('C:\\xamppnew\\htdocs\\coba\\public\\index.php')
CRITICAL - 2025-12-08 19:00:25 --> ErrorException: Undefined variable $kategori
[Method: GET, Route: modifier]
in APPPATH\Views\kategori\kat_modifier.php on line 19.
 1 APPPATH\Views\kategori\kat_modifier.php(19): CodeIgniter\Debug\Exceptions->errorHandler(2, 'Undefined variable $kategori', 'C:\\xamppnew\\htdocs\\coba\\app\\Views\\kategori\\kat_modifier.php', 19)
 2 SYSTEMPATH\View\View.php(226): include('C:\\xamppnew\\htdocs\\coba\\app\\Views\\kategori\\kat_modifier.php')
 3 SYSTEMPATH\View\View.php(229): CodeIgniter\View\View->CodeIgniter\View\{closure}()
 4 SYSTEMPATH\Common.php(1167): CodeIgniter\View\View->render('kategori/kat_modifier', [], true)
 5 APPPATH\Controllers\ModifierController.php(20): view('kategori/kat_modifier', [...])
 6 SYSTEMPATH\CodeIgniter.php(933): App\Controllers\ModifierController->index()
 7 SYSTEMPATH\CodeIgniter.php(507): CodeIgniter\CodeIgniter->runController(Object(App\Controllers\ModifierController))
 8 SYSTEMPATH\CodeIgniter.php(354): CodeIgniter\CodeIgniter->handleRequest(null, Object(Config\Cache), false)
 9 SYSTEMPATH\Boot.php(363): CodeIgniter\CodeIgniter->run()
10 SYSTEMPATH\Boot.php(68): CodeIgniter\Boot::runCodeIgniter(Object(CodeIgniter\CodeIgniter))
11 FCPATH\index.php(59): CodeIgniter\Boot::bootWeb(Object(Config\Paths))
12 SYSTEMPATH\rewrite.php(44): require_once('C:\\xamppnew\\htdocs\\coba\\public\\index.php')
CRITICAL - 2025-12-08 19:03:31 --> ErrorException: Undefined variable $kategori
[Method: GET, Route: modifier]
in APPPATH\Views\kategori\kat_modifier.php on line 19.
 1 APPPATH\Views\kategori\kat_modifier.php(19): CodeIgniter\Debug\Exceptions->errorHandler(2, 'Undefined variable $kategori', 'C:\\xamppnew\\htdocs\\coba\\app\\Views\\kategori\\kat_modifier.php', 19)
 2 SYSTEMPATH\View\View.php(226): include('C:\\xamppnew\\htdocs\\coba\\app\\Views\\kategori\\kat_modifier.php')
 3 SYSTEMPATH\View\View.php(229): CodeIgniter\View\View->CodeIgniter\View\{closure}()
 4 SYSTEMPATH\Common.php(1167): CodeIgniter\View\View->render('kategori/kat_modifier', [], true)
 5 APPPATH\Controllers\ModifierController.php(20): view('kategori/kat_modifier', [...])
 6 SYSTEMPATH\CodeIgniter.php(933): App\Controllers\ModifierController->index()
 7 SYSTEMPATH\CodeIgniter.php(507): CodeIgniter\CodeIgniter->runController(Object(App\Controllers\ModifierController))
 8 SYSTEMPATH\CodeIgniter.php(354): CodeIgniter\CodeIgniter->handleRequest(null, Object(Config\Cache), false)
 9 SYSTEMPATH\Boot.php(363): CodeIgniter\CodeIgniter->run()
10 SYSTEMPATH\Boot.php(68): CodeIgniter\Boot::runCodeIgniter(Object(CodeIgniter\CodeIgniter))
11 FCPATH\index.php(59): CodeIgniter\Boot::bootWeb(Object(Config\Paths))
12 SYSTEMPATH\rewrite.php(44): require_once('C:\\xamppnew\\htdocs\\coba\\public\\index.php')
CRITICAL - 2025-12-08 19:08:10 --> ErrorException: Undefined variable $kategori
[Method: GET, Route: modifier]
in APPPATH\Controllers\ModifierController.php on line 20.
 1 APPPATH\Controllers\ModifierController.php(20): CodeIgniter\Debug\Exceptions->errorHandler(2, 'Undefined variable $kategori', 'C:\\xamppnew\\htdocs\\coba\\app\\Controllers\\ModifierController.php', 20)
 2 SYSTEMPATH\CodeIgniter.php(933): App\Controllers\ModifierController->index()
 3 SYSTEMPATH\CodeIgniter.php(507): CodeIgniter\CodeIgniter->runController(Object(App\Controllers\ModifierController))
 4 SYSTEMPATH\CodeIgniter.php(354): CodeIgniter\CodeIgniter->handleRequest(null, Object(Config\Cache), false)
 5 SYSTEMPATH\Boot.php(363): CodeIgniter\CodeIgniter->run()
 6 SYSTEMPATH\Boot.php(68): CodeIgniter\Boot::runCodeIgniter(Object(CodeIgniter\CodeIgniter))
 7 FCPATH\index.php(59): CodeIgniter\Boot::bootWeb(Object(Config\Paths))
 8 SYSTEMPATH\rewrite.php(44): require_once('C:\\xamppnew\\htdocs\\coba\\public\\index.php')
CRITICAL - 2025-12-08 19:08:23 --> ErrorException: Undefined variable $kategori
[Method: GET, Route: modifier]
in APPPATH\Views\kategori\kat_modifier.php on line 19.
 1 APPPATH\Views\kategori\kat_modifier.php(19): CodeIgniter\Debug\Exceptions->errorHandler(2, 'Undefined variable $kategori', 'C:\\xamppnew\\htdocs\\coba\\app\\Views\\kategori\\kat_modifier.php', 19)
 2 SYSTEMPATH\View\View.php(226): include('C:\\xamppnew\\htdocs\\coba\\app\\Views\\kategori\\kat_modifier.php')
 3 SYSTEMPATH\View\View.php(229): CodeIgniter\View\View->CodeIgniter\View\{closure}()
 4 SYSTEMPATH\Common.php(1167): CodeIgniter\View\View->render('kategori/kat_modifier', [], true)
 5 APPPATH\Controllers\ModifierController.php(20): view('kategori/kat_modifier', [...])
 6 SYSTEMPATH\CodeIgniter.php(933): App\Controllers\ModifierController->index()
 7 SYSTEMPATH\CodeIgniter.php(507): CodeIgniter\CodeIgniter->runController(Object(App\Controllers\ModifierController))
 8 SYSTEMPATH\CodeIgniter.php(354): CodeIgniter\CodeIgniter->handleRequest(null, Object(Config\Cache), false)
 9 SYSTEMPATH\Boot.php(363): CodeIgniter\CodeIgniter->run()
10 SYSTEMPATH\Boot.php(68): CodeIgniter\Boot::runCodeIgniter(Object(CodeIgniter\CodeIgniter))
11 FCPATH\index.php(59): CodeIgniter\Boot::bootWeb(Object(Config\Paths))
12 SYSTEMPATH\rewrite.php(44): require_once('C:\\xamppnew\\htdocs\\coba\\public\\index.php')
CRITICAL - 2025-12-08 19:58:07 --> ErrorException: Undefined variable $slug
[Method: GET, Route: kat_lighting]
in APPPATH\Views\kategori\kat_lighting.php on line 26.
 1 APPPATH\Views\kategori\kat_lighting.php(26): CodeIgniter\Debug\Exceptions->errorHandler(2, 'Undefined variable $slug', 'C:\\xamppnew\\htdocs\\coba\\app\\Views\\kategori\\kat_lighting.php', 26)
 2 SYSTEMPATH\View\View.php(226): include('C:\\xamppnew\\htdocs\\coba\\app\\Views\\kategori\\kat_lighting.php')
 3 SYSTEMPATH\View\View.php(229): CodeIgniter\View\View->CodeIgniter\View\{closure}()
 4 SYSTEMPATH\Common.php(1167): CodeIgniter\View\View->render('kategori/kat_lighting', [], true)
 5 APPPATH\Controllers\Kategori.php(14): view('kategori/kat_lighting')
 6 SYSTEMPATH\CodeIgniter.php(933): App\Controllers\Kategori->lighting()
 7 SYSTEMPATH\CodeIgniter.php(507): CodeIgniter\CodeIgniter->runController(Object(App\Controllers\Kategori))
 8 SYSTEMPATH\CodeIgniter.php(354): CodeIgniter\CodeIgniter->handleRequest(null, Object(Config\Cache), false)
 9 SYSTEMPATH\Boot.php(363): CodeIgniter\CodeIgniter->run()
10 SYSTEMPATH\Boot.php(68): CodeIgniter\Boot::runCodeIgniter(Object(CodeIgniter\CodeIgniter))
11 FCPATH\index.php(59): CodeIgniter\Boot::bootWeb(Object(Config\Paths))
12 SYSTEMPATH\rewrite.php(44): require_once('C:\\xamppnew\\htdocs\\coba\\public\\index.php')
CRITICAL - 2025-12-08 19:58:15 --> ErrorException: Undefined variable $slug
[Method: GET, Route: kat_lighting]
in APPPATH\Views\kategori\kat_lighting.php on line 26.
 1 APPPATH\Views\kategori\kat_lighting.php(26): CodeIgniter\Debug\Exceptions->errorHandler(2, 'Undefined variable $slug', 'C:\\xamppnew\\htdocs\\coba\\app\\Views\\kategori\\kat_lighting.php', 26)
 2 SYSTEMPATH\View\View.php(226): include('C:\\xamppnew\\htdocs\\coba\\app\\Views\\kategori\\kat_lighting.php')
 3 SYSTEMPATH\View\View.php(229): CodeIgniter\View\View->CodeIgniter\View\{closure}()
 4 SYSTEMPATH\Common.php(1167): CodeIgniter\View\View->render('kategori/kat_lighting', [], true)
 5 APPPATH\Controllers\Kategori.php(14): view('kategori/kat_lighting')
 6 SYSTEMPATH\CodeIgniter.php(933): App\Controllers\Kategori->lighting()
 7 SYSTEMPATH\CodeIgniter.php(507): CodeIgniter\CodeIgniter->runController(Object(App\Controllers\Kategori))
 8 SYSTEMPATH\CodeIgniter.php(354): CodeIgniter\CodeIgniter->handleRequest(null, Object(Config\Cache), false)
 9 SYSTEMPATH\Boot.php(363): CodeIgniter\CodeIgniter->run()
10 SYSTEMPATH\Boot.php(68): CodeIgniter\Boot::runCodeIgniter(Object(CodeIgniter\CodeIgniter))
11 FCPATH\index.php(59): CodeIgniter\Boot::bootWeb(Object(Config\Paths))
12 SYSTEMPATH\rewrite.php(44): require_once('C:\\xamppnew\\htdocs\\coba\\public\\index.php')
CRITICAL - 2025-12-08 19:58:59 --> ErrorException: Undefined variable $kategori
[Method: GET, Route: kamera]
in APPPATH\Views\kategori\kat_kamera.php on line 26.
 1 APPPATH\Views\kategori\kat_kamera.php(26): CodeIgniter\Debug\Exceptions->errorHandler(2, 'Undefined variable $kategori', 'C:\\xamppnew\\htdocs\\coba\\app\\Views\\kategori\\kat_kamera.php', 26)
 2 SYSTEMPATH\View\View.php(226): include('C:\\xamppnew\\htdocs\\coba\\app\\Views\\kategori\\kat_kamera.php')
 3 SYSTEMPATH\View\View.php(229): CodeIgniter\View\View->CodeIgniter\View\{closure}()
 4 SYSTEMPATH\Common.php(1167): CodeIgniter\View\View->render('kategori/kat_kamera', [], true)
 5 APPPATH\Controllers\KameraController.php(20): view('kategori/kat_kamera', [...])
 6 SYSTEMPATH\CodeIgniter.php(933): App\Controllers\KameraController->index()
 7 SYSTEMPATH\CodeIgniter.php(507): CodeIgniter\CodeIgniter->runController(Object(App\Controllers\KameraController))
 8 SYSTEMPATH\CodeIgniter.php(354): CodeIgniter\CodeIgniter->handleRequest(null, Object(Config\Cache), false)
 9 SYSTEMPATH\Boot.php(363): CodeIgniter\CodeIgniter->run()
10 SYSTEMPATH\Boot.php(68): CodeIgniter\Boot::runCodeIgniter(Object(CodeIgniter\CodeIgniter))
11 FCPATH\index.php(59): CodeIgniter\Boot::bootWeb(Object(Config\Paths))
12 SYSTEMPATH\rewrite.php(44): require_once('C:\\xamppnew\\htdocs\\coba\\public\\index.php')
CRITICAL - 2025-12-08 19:59:10 --> ErrorException: Undefined variable $kategori
[Method: GET, Route: kamera]
in APPPATH\Views\kategori\kat_kamera.php on line 26.
 1 APPPATH\Views\kategori\kat_kamera.php(26): CodeIgniter\Debug\Exceptions->errorHandler(2, 'Undefined variable $kategori', 'C:\\xamppnew\\htdocs\\coba\\app\\Views\\kategori\\kat_kamera.php', 26)
 2 SYSTEMPATH\View\View.php(226): include('C:\\xamppnew\\htdocs\\coba\\app\\Views\\kategori\\kat_kamera.php')
 3 SYSTEMPATH\View\View.php(229): CodeIgniter\View\View->CodeIgniter\View\{closure}()
 4 SYSTEMPATH\Common.php(1167): CodeIgniter\View\View->render('kategori/kat_kamera', [], true)
 5 APPPATH\Controllers\KameraController.php(20): view('kategori/kat_kamera', [...])
 6 SYSTEMPATH\CodeIgniter.php(933): App\Controllers\KameraController->index()
 7 SYSTEMPATH\CodeIgniter.php(507): CodeIgniter\CodeIgniter->runController(Object(App\Controllers\KameraController))
 8 SYSTEMPATH\CodeIgniter.php(354): CodeIgniter\CodeIgniter->handleRequest(null, Object(Config\Cache), false)
 9 SYSTEMPATH\Boot.php(363): CodeIgniter\CodeIgniter->run()
10 SYSTEMPATH\Boot.php(68): CodeIgniter\Boot::runCodeIgniter(Object(CodeIgniter\CodeIgniter))
11 FCPATH\index.php(59): CodeIgniter\Boot::bootWeb(Object(Config\Paths))
12 SYSTEMPATH\rewrite.php(44): require_once('C:\\xamppnew\\htdocs\\coba\\public\\index.php')
CRITICAL - 2025-12-08 19:59:21 --> ErrorException: Undefined variable $kategori
[Method: GET, Route: kamera]
in APPPATH\Views\kategori\kat_kamera.php on line 26.
 1 APPPATH\Views\kategori\kat_kamera.php(26): CodeIgniter\Debug\Exceptions->errorHandler(2, 'Undefined variable $kategori', 'C:\\xamppnew\\htdocs\\coba\\app\\Views\\kategori\\kat_kamera.php', 26)
 2 SYSTEMPATH\View\View.php(226): include('C:\\xamppnew\\htdocs\\coba\\app\\Views\\kategori\\kat_kamera.php')
 3 SYSTEMPATH\View\View.php(229): CodeIgniter\View\View->CodeIgniter\View\{closure}()
 4 SYSTEMPATH\Common.php(1167): CodeIgniter\View\View->render('kategori/kat_kamera', [], true)
 5 APPPATH\Controllers\KameraController.php(20): view('kategori/kat_kamera', [...])
 6 SYSTEMPATH\CodeIgniter.php(933): App\Controllers\KameraController->index()
 7 SYSTEMPATH\CodeIgniter.php(507): CodeIgniter\CodeIgniter->runController(Object(App\Controllers\KameraController))
 8 SYSTEMPATH\CodeIgniter.php(354): CodeIgniter\CodeIgniter->handleRequest(null, Object(Config\Cache), false)
 9 SYSTEMPATH\Boot.php(363): CodeIgniter\CodeIgniter->run()
10 SYSTEMPATH\Boot.php(68): CodeIgniter\Boot::runCodeIgniter(Object(CodeIgniter\CodeIgniter))
11 FCPATH\index.php(59): CodeIgniter\Boot::bootWeb(Object(Config\Paths))
12 SYSTEMPATH\rewrite.php(44): require_once('C:\\xamppnew\\htdocs\\coba\\public\\index.php')
CRITICAL - 2025-12-08 20:06:35 --> ErrorException: Undefined variable $kategori
[Method: GET, Route: kamera]
in APPPATH\Views\kategori\kat_kamera.php on line 26.
 1 APPPATH\Views\kategori\kat_kamera.php(26): CodeIgniter\Debug\Exceptions->errorHandler(2, 'Undefined variable $kategori', 'C:\\xamppnew\\htdocs\\coba\\app\\Views\\kategori\\kat_kamera.php', 26)
 2 SYSTEMPATH\View\View.php(226): include('C:\\xamppnew\\htdocs\\coba\\app\\Views\\kategori\\kat_kamera.php')
 3 SYSTEMPATH\View\View.php(229): CodeIgniter\View\View->CodeIgniter\View\{closure}()
 4 SYSTEMPATH\Common.php(1167): CodeIgniter\View\View->render('kategori/kat_kamera', [], true)
 5 APPPATH\Controllers\KameraController.php(20): view('kategori/kat_kamera', [...])
 6 SYSTEMPATH\CodeIgniter.php(933): App\Controllers\KameraController->index()
 7 SYSTEMPATH\CodeIgniter.php(507): CodeIgniter\CodeIgniter->runController(Object(App\Controllers\KameraController))
 8 SYSTEMPATH\CodeIgniter.php(354): CodeIgniter\CodeIgniter->handleRequest(null, Object(Config\Cache), false)
 9 SYSTEMPATH\Boot.php(363): CodeIgniter\CodeIgniter->run()
10 SYSTEMPATH\Boot.php(68): CodeIgniter\Boot::runCodeIgniter(Object(CodeIgniter\CodeIgniter))
11 FCPATH\index.php(59): CodeIgniter\Boot::bootWeb(Object(Config\Paths))
12 SYSTEMPATH\rewrite.php(44): require_once('C:\\xamppnew\\htdocs\\coba\\public\\index.php')
CRITICAL - 2025-12-08 20:06:48 --> ErrorException: Undefined variable $kategori
[Method: GET, Route: kamera]
in APPPATH\Views\kategori\kat_kamera.php on line 26.
 1 APPPATH\Views\kategori\kat_kamera.php(26): CodeIgniter\Debug\Exceptions->errorHandler(2, 'Undefined variable $kategori', 'C:\\xamppnew\\htdocs\\coba\\app\\Views\\kategori\\kat_kamera.php', 26)
 2 SYSTEMPATH\View\View.php(226): include('C:\\xamppnew\\htdocs\\coba\\app\\Views\\kategori\\kat_kamera.php')
 3 SYSTEMPATH\View\View.php(229): CodeIgniter\View\View->CodeIgniter\View\{closure}()
 4 SYSTEMPATH\Common.php(1167): CodeIgniter\View\View->render('kategori/kat_kamera', [], true)
 5 APPPATH\Controllers\KameraController.php(20): view('kategori/kat_kamera', [...])
 6 SYSTEMPATH\CodeIgniter.php(933): App\Controllers\KameraController->index()
 7 SYSTEMPATH\CodeIgniter.php(507): CodeIgniter\CodeIgniter->runController(Object(App\Controllers\KameraController))
 8 SYSTEMPATH\CodeIgniter.php(354): CodeIgniter\CodeIgniter->handleRequest(null, Object(Config\Cache), false)
 9 SYSTEMPATH\Boot.php(363): CodeIgniter\CodeIgniter->run()
10 SYSTEMPATH\Boot.php(68): CodeIgniter\Boot::runCodeIgniter(Object(CodeIgniter\CodeIgniter))
11 FCPATH\index.php(59): CodeIgniter\Boot::bootWeb(Object(Config\Paths))
12 SYSTEMPATH\rewrite.php(44): require_once('C:\\xamppnew\\htdocs\\coba\\public\\index.php')
